<?xml version="1.0" encoding="UTF-8"?>
<!-- Generated by org.testng.reporters.JUnitXMLReporter -->
<testsuite ignored="1" hostname="Godzilla-ASUSDesktop" failures="1" tests="5" name="Demo Webshop tests" time="22.913" errors="0" timestamp="2024-04-18T14:54:05 MDT">
  <testcase classname="com.eWebShop_PW.tests.LoginPageTests" name="LoginNavigation_Test" time="0.411"/>
  <testcase classname="com.eWebShop_PW.tests.HomePageSrchTests" name="searchPrd_Test" time="0.94"/>
  <testcase classname="com.eWebShop_PW.tests.HomePageSrchTests" name="searchPrd_Test" time="0.635"/>
  <testcase classname="com.eWebShop_PW.tests.HomePageSrchTests" name="homePageTitle_Test" time="0.008">
    <failure type="java.lang.AssertionError" message="expected [Demo Web Shop. Login] but found [Demo Web Shop]">
      <![CDATA[java.lang.AssertionError: expected [Demo Web Shop. Login] but found [Demo Web Shop]
at com.eWebShop_PW.tests.HomePageSrchTests.homePageTitle_Test(HomePageSrchTests.java:15)
at java.base/java.util.ArrayList.forEach(ArrayList.java:1511)
... Removed 31 stack frames]]>
    </failure>
  </testcase> <!-- homePageTitle_Test -->
  <testcase classname="com.eWebShop_PW.tests.HomePageSrchTests" name="homePageURL_Test" time="0.003"/>
  <testcase classname="com.eWebShop_PW.Base.BaseTest" name="@BeforeSuite config" time="0.0">
    <ignored/>
  </testcase> <!-- @BeforeSuite config -->
</testsuite> <!-- Demo Webshop tests -->
