<?xml version="1.0" encoding="UTF-8"?>
<testng-results ignored="0" total="5" passed="4" failed="1" skipped="0">
  <reporter-output>
  </reporter-output>
  <suite started-at="2024-04-18T14:53:42 MDT" name="RegressionSuite1" finished-at="2024-04-18T14:54:05 MDT" duration-ms="22913">
    <groups>
    </groups>
    <test started-at="2024-04-18T14:53:42 MDT" name="Demo Webshop tests" finished-at="2024-04-18T14:54:05 MDT" duration-ms="22913">
      <class name="com.eWebShop_PW.tests.LoginPageTests">
        <test-method is-config="true" signature="config()[pri:0, instance:com.eWebShop_PW.tests.LoginPageTests@730d2164]" started-at="2024-04-18T14:53:42 MDT" name="config" finished-at="2024-04-18T14:53:42 MDT" duration-ms="41" status="PASS">
          <reporter-output>
          </reporter-output>
        </test-method> <!-- config -->
        <test-method is-config="true" signature="setup(java.lang.String)[pri:0, instance:com.eWebShop_PW.tests.LoginPageTests@730d2164]" started-at="2024-04-18T14:53:42 MDT" name="setup" finished-at="2024-04-18T14:53:47 MDT" duration-ms="5077" status="PASS">
          <params>
            <param index="0">
              <value>
                <![CDATA[chrome]]>
              </value>
            </param>
          </params>
          <reporter-output>
          </reporter-output>
        </test-method> <!-- setup -->
        <test-method signature="LoginNavigation_Test()[pri:0, instance:com.eWebShop_PW.tests.LoginPageTests@730d2164]" started-at="2024-04-18T14:53:47 MDT" name="LoginNavigation_Test" finished-at="2024-04-18T14:53:47 MDT" duration-ms="411" status="PASS">
          <reporter-output>
          </reporter-output>
        </test-method> <!-- LoginNavigation_Test -->
        <test-method is-config="true" signature="tearDown()[pri:0, instance:com.eWebShop_PW.tests.LoginPageTests@730d2164]" started-at="2024-04-18T14:53:47 MDT" name="tearDown" finished-at="2024-04-18T14:53:47 MDT" duration-ms="210" status="PASS">
          <reporter-output>
          </reporter-output>
        </test-method> <!-- tearDown -->
      </class> <!-- com.eWebShop_PW.tests.LoginPageTests -->
      <class name="com.eWebShop_PW.tests.HomePageSrchTests">
        <test-method is-config="true" signature="setup(java.lang.String)[pri:0, instance:com.eWebShop_PW.tests.HomePageSrchTests@3e78b6a5]" started-at="2024-04-18T14:53:47 MDT" name="setup" finished-at="2024-04-18T14:53:51 MDT" duration-ms="3885" status="PASS">
          <params>
            <param index="0">
              <value>
                <![CDATA[chrome]]>
              </value>
            </param>
          </params>
          <reporter-output>
          </reporter-output>
        </test-method> <!-- setup -->
        <test-method signature="searchPrd_Test(java.lang.String)[pri:1, instance:com.eWebShop_PW.tests.HomePageSrchTests@3e78b6a5]" started-at="2024-04-18T14:53:51 MDT" name="searchPrd_Test" data-provider="getProductData" finished-at="2024-04-18T14:53:52 MDT" duration-ms="940" status="PASS">
          <params>
            <param index="0">
              <value>
                <![CDATA[Blue Jeans]]>
              </value>
            </param>
          </params>
          <reporter-output>
          </reporter-output>
        </test-method> <!-- searchPrd_Test -->
        <test-method is-config="true" signature="tearDown()[pri:0, instance:com.eWebShop_PW.tests.HomePageSrchTests@3e78b6a5]" started-at="2024-04-18T14:53:52 MDT" name="tearDown" finished-at="2024-04-18T14:53:52 MDT" duration-ms="233" status="PASS">
          <reporter-output>
          </reporter-output>
        </test-method> <!-- tearDown -->
        <test-method is-config="true" signature="setup(java.lang.String)[pri:0, instance:com.eWebShop_PW.tests.HomePageSrchTests@3e78b6a5]" started-at="2024-04-18T14:53:52 MDT" name="setup" finished-at="2024-04-18T14:53:56 MDT" duration-ms="3979" status="PASS">
          <params>
            <param index="0">
              <value>
                <![CDATA[chrome]]>
              </value>
            </param>
          </params>
          <reporter-output>
          </reporter-output>
        </test-method> <!-- setup -->
        <test-method signature="searchPrd_Test(java.lang.String)[pri:1, instance:com.eWebShop_PW.tests.HomePageSrchTests@3e78b6a5]" started-at="2024-04-18T14:53:56 MDT" name="searchPrd_Test" data-provider="getProductData" finished-at="2024-04-18T14:53:57 MDT" duration-ms="635" status="PASS">
          <params>
            <param index="0">
              <value>
                <![CDATA[50's Rockabilly Polka Dot Top JR Plus Size]]>
              </value>
            </param>
          </params>
          <reporter-output>
          </reporter-output>
        </test-method> <!-- searchPrd_Test -->
        <test-method is-config="true" signature="tearDown()[pri:0, instance:com.eWebShop_PW.tests.HomePageSrchTests@3e78b6a5]" started-at="2024-04-18T14:53:57 MDT" name="tearDown" finished-at="2024-04-18T14:53:57 MDT" duration-ms="210" status="PASS">
          <reporter-output>
          </reporter-output>
        </test-method> <!-- tearDown -->
        <test-method is-config="true" signature="setup(java.lang.String)[pri:0, instance:com.eWebShop_PW.tests.HomePageSrchTests@3e78b6a5]" started-at="2024-04-18T14:53:57 MDT" name="setup" finished-at="2024-04-18T14:54:01 MDT" duration-ms="3357" status="PASS">
          <params>
            <param index="0">
              <value>
                <![CDATA[chrome]]>
              </value>
            </param>
          </params>
          <reporter-output>
          </reporter-output>
        </test-method> <!-- setup -->
        <test-method signature="homePageTitle_Test()[pri:2, instance:com.eWebShop_PW.tests.HomePageSrchTests@3e78b6a5]" started-at="2024-04-18T14:54:01 MDT" name="homePageTitle_Test" finished-at="2024-04-18T14:54:01 MDT" duration-ms="8" status="FAIL">
          <exception class="java.lang.AssertionError">
            <message>
              <![CDATA[expected [Demo Web Shop. Login] but found [Demo Web Shop]]]>
            </message>
            <full-stacktrace>
              <![CDATA[java.lang.AssertionError: expected [Demo Web Shop. Login] but found [Demo Web Shop]
at org.testng.Assert.fail(Assert.java:111)
at org.testng.Assert.failNotEquals(Assert.java:1578)
at org.testng.Assert.assertEqualsImpl(Assert.java:150)
at org.testng.Assert.assertEquals(Assert.java:132)
at org.testng.Assert.assertEquals(Assert.java:656)
at org.testng.Assert.assertEquals(Assert.java:666)
at com.eWebShop_PW.tests.HomePageSrchTests.homePageTitle_Test(HomePageSrchTests.java:15)
at java.base/jdk.internal.reflect.DirectMethodHandleAccessor.invoke(DirectMethodHandleAccessor.java:104)
at java.base/java.lang.reflect.Method.invoke(Method.java:578)
at org.testng.internal.invokers.MethodInvocationHelper.invokeMethod(MethodInvocationHelper.java:139)
at org.testng.internal.invokers.TestInvoker.invokeMethod(TestInvoker.java:664)
at org.testng.internal.invokers.TestInvoker.invokeTestMethod(TestInvoker.java:227)
at org.testng.internal.invokers.MethodRunner.runInSequence(MethodRunner.java:50)
at org.testng.internal.invokers.TestInvoker$MethodInvocationAgent.invoke(TestInvoker.java:957)
at org.testng.internal.invokers.TestInvoker.invokeTestMethods(TestInvoker.java:200)
at org.testng.internal.invokers.TestMethodWorker.invokeTestMethods(TestMethodWorker.java:148)
at org.testng.internal.invokers.TestMethodWorker.run(TestMethodWorker.java:128)
at java.base/java.util.ArrayList.forEach(ArrayList.java:1511)
at org.testng.TestRunner.privateRun(TestRunner.java:848)
at org.testng.TestRunner.run(TestRunner.java:621)
at org.testng.SuiteRunner.runTest(SuiteRunner.java:443)
at org.testng.SuiteRunner.runSequentially(SuiteRunner.java:437)
at org.testng.SuiteRunner.privateRun(SuiteRunner.java:397)
at org.testng.SuiteRunner.run(SuiteRunner.java:336)
at org.testng.SuiteRunnerWorker.runSuite(SuiteRunnerWorker.java:52)
at org.testng.SuiteRunnerWorker.run(SuiteRunnerWorker.java:95)
at org.testng.TestNG.runSuitesSequentially(TestNG.java:1280)
at org.testng.TestNG.runSuitesLocally(TestNG.java:1200)
at org.testng.TestNG.runSuites(TestNG.java:1114)
at org.testng.TestNG.run(TestNG.java:1082)
at org.testng.remote.AbstractRemoteTestNG.run(AbstractRemoteTestNG.java:115)
at org.testng.remote.RemoteTestNG.initAndRun(RemoteTestNG.java:251)
at org.testng.remote.RemoteTestNG.main(RemoteTestNG.java:77)
]]>
            </full-stacktrace>
          </exception> <!-- java.lang.AssertionError -->
          <reporter-output>
          </reporter-output>
        </test-method> <!-- homePageTitle_Test -->
        <test-method is-config="true" signature="tearDown()[pri:0, instance:com.eWebShop_PW.tests.HomePageSrchTests@3e78b6a5]" started-at="2024-04-18T14:54:01 MDT" name="tearDown" finished-at="2024-04-18T14:54:01 MDT" duration-ms="203" status="PASS">
          <reporter-output>
          </reporter-output>
        </test-method> <!-- tearDown -->
        <test-method is-config="true" signature="setup(java.lang.String)[pri:0, instance:com.eWebShop_PW.tests.HomePageSrchTests@3e78b6a5]" started-at="2024-04-18T14:54:01 MDT" name="setup" finished-at="2024-04-18T14:54:04 MDT" duration-ms="3373" status="PASS">
          <params>
            <param index="0">
              <value>
                <![CDATA[chrome]]>
              </value>
            </param>
          </params>
          <reporter-output>
          </reporter-output>
        </test-method> <!-- setup -->
        <test-method signature="homePageURL_Test()[pri:3, instance:com.eWebShop_PW.tests.HomePageSrchTests@3e78b6a5]" started-at="2024-04-18T14:54:04 MDT" name="homePageURL_Test" finished-at="2024-04-18T14:54:04 MDT" duration-ms="3" status="PASS">
          <reporter-output>
          </reporter-output>
        </test-method> <!-- homePageURL_Test -->
        <test-method is-config="true" signature="tearDown()[pri:0, instance:com.eWebShop_PW.tests.HomePageSrchTests@3e78b6a5]" started-at="2024-04-18T14:54:04 MDT" name="tearDown" finished-at="2024-04-18T14:54:05 MDT" duration-ms="204" status="PASS">
          <reporter-output>
          </reporter-output>
        </test-method> <!-- tearDown -->
      </class> <!-- com.eWebShop_PW.tests.HomePageSrchTests -->
    </test> <!-- Demo Webshop tests -->
  </suite> <!-- RegressionSuite1 -->
</testng-results>
